<?xml version="1.0" encoding="UTF-8"?>
<testng-results ignored="0" total="1" passed="1" failed="0" skipped="0">
  <reporter-output>
  </reporter-output>
  <suite started-at="2022-05-04T23:45:50 IST" name="Suite" finished-at="2022-05-04T23:46:16 IST" duration-ms="26630">
    <groups>
    </groups>
    <test started-at="2022-05-04T23:45:50 IST" name="Test" finished-at="2022-05-04T23:46:16 IST" duration-ms="26630">
      <class name="AmazonTestCases.AmazonTestCases">
        <test-method is-config="true" signature="initializeSetup()[pri:0, instance:AmazonTestCases.AmazonTestCases@741a8937]" started-at="2022-05-04T23:45:50 IST" name="initializeSetup" finished-at="2022-05-04T23:45:58 IST" duration-ms="8575" status="PASS">
          <reporter-output>
          </reporter-output>
        </test-method> <!-- initializeSetup -->
        <test-method signature="Tc001()[pri:0, instance:AmazonTestCases.AmazonTestCases@741a8937]" started-at="2022-05-04T23:45:58 IST" name="Tc001" finished-at="2022-05-04T23:46:16 IST" duration-ms="17902" status="PASS">
          <reporter-output>
          </reporter-output>
        </test-method> <!-- Tc001 -->
      </class> <!-- AmazonTestCases.AmazonTestCases -->
    </test> <!-- Test -->
  </suite> <!-- Suite -->
</testng-results>
